Arguments: 
  /Users/mac/.nvm/versions/node/v13.8.0/bin/node /Users/mac/.yarn/bin/yarn.js add is registry=http://registry.npm.taobao.org

PATH: 
  /Users/mac/.yarn/bin:/Users/mac/.config/yarn/global/node_modules/.bin:/Users/mac/.nvm/versions/node/v13.8.0/bin:/usr/local/bin:/usr/bin:/bin:/usr/sbin:/sbin:/Users/mac/.yarn/bin:/Users/mac/.config/yarn/global/node_modules/.bin:/Users/mac/.nvm/versions/node/v13.8.0/bin:/usr/local/bin/pip:/usr/local/mysql/bin:/usr/local/bin/pip:/usr/local/mysql/bin

Yarn version: 
  1.22.4

Node version: 
  13.8.0

Platform: 
  darwin x64

Trace: 
  Error: http://registry.npm.chengfayun.net/registry=http:%2f/registry.npm.taobao.org: Request "http://registry.npm.chengfayun.net/registry=http:%2f/registry.npm.taobao.org" returned a 405
      at Request.params.callback [as _callback] (/Users/mac/.yarn/lib/cli.js:66996:18)
      at Request.self.callback (/Users/mac/.yarn/lib/cli.js:140748:22)
      at Request.emit (events.js:321:20)
      at Request.<anonymous> (/Users/mac/.yarn/lib/cli.js:141720:10)
      at Request.emit (events.js:321:20)
      at IncomingMessage.<anonymous> (/Users/mac/.yarn/lib/cli.js:141642:12)
      at Object.onceWrapper (events.js:427:28)
      at IncomingMessage.emit (events.js:333:22)
      at endReadableNT (_stream_readable.js:1201:12)
      at processTicksAndRejections (internal/process/task_queues.js:84:21)

npm manifest: 
  {
    "name": "ts-review-spi",
    "version": "1.0.0",
    "main": "index.js",
    "license": "MIT",
    "dependencies": {
      "commander": "^5.1.0",
      "typescript": "^3.9.3"
    }
  }

yarn manifest: 
  No manifest

Lockfile: 
  # THIS IS AN AUTOGENERATED FILE. DO NOT EDIT THIS FILE DIRECTLY.
  # yarn lockfile v1
  
  
  commander@^5.1.0:
    version "5.1.0"
    resolved "https://registry.npm.taobao.org/commander/download/commander-5.1.0.tgz?cache=0&sync_timestamp=1588886341601&other_urls=https%3A%2F%2Fregistry.npm.taobao.org%2Fcommander%2Fdownload%2Fcommander-5.1.0.tgz#46abbd1652f8e059bddaef99bbdcb2ad9cf179ae"
    integrity sha1-Rqu9FlL44Fm92u+Zu9yyrZzxea4=
  
  typescript@^3.9.3:
    version "3.9.3"
    resolved "https://registry.npm.taobao.org/typescript/download/typescript-3.9.3.tgz#d3ac8883a97c26139e42df5e93eeece33d610b8a"
    integrity sha1-06yIg6l8JhOeQt9ek+7s4z1hC4o=
